Log file open, 03/22/23 16:56:04
LogWindows: Failed to load 'aqProf.dll' (GetLastError=126)
LogWindows: File 'aqProf.dll' does not exist
LogWindows: Failed to load 'VtuneApi.dll' (GetLastError=126)
LogWindows: File 'VtuneApi.dll' does not exist
LogWindows: Failed to load 'VtuneApi32e.dll' (GetLastError=126)
LogWindows: File 'VtuneApi32e.dll' does not exist
LogConsoleResponse: Display: Failed to find resolution value strings in scalability ini. Falling back to default.
LogPakFile: Display: Found Pak file ../../../spaceshipbattle/Content/Paks/spaceshipbattle-WindowsNoEditor.pak attempting to mount.
LogPakFile: Display: Mounting pak file ../../../spaceshipbattle/Content/Paks/spaceshipbattle-WindowsNoEditor.pak.
LogPlatformFile: Not using cached read wrapper
LogTaskGraph: Started task graph with 5 named threads and 35 total threads with 3 sets of task threads.
LogStats: Stats thread started at 0.042042
LogD3D11RHI: Loaded GFSDK_Aftermath_Lib.x64.dll
LogICUInternationalization: ICU TimeZone Detection - Raw Offset: +8:00, Platform Override: ''
LogPluginManager: Mounting plugin Paper2D
LogPluginManager: Mounting plugin AISupport
LogPluginManager: Mounting plugin LightPropagationVolume
LogPluginManager: Mounting plugin AnimationSharing
LogPluginManager: Mounting plugin SignificanceManager
LogPluginManager: Mounting plugin UObjectPlugin
LogPluginManager: Mounting plugin AssetManagerEditor
LogPluginManager: Mounting plugin FacialAnimation
LogPluginManager: Mounting plugin DatasmithContent
LogPluginManager: Mounting plugin VariantManagerContent
LogPluginManager: Mounting plugin AlembicImporter
LogPluginManager: Mounting plugin GeometryCache
LogPluginManager: Mounting plugin AutomationUtils
LogPluginManager: Mounting plugin ScreenshotTools
LogPluginManager: Mounting plugin BackChannel
LogPluginManager: Mounting plugin CharacterAI
LogPluginManager: Mounting plugin PlatformCrypto
LogPluginManager: Mounting plugin MagicLeap
LogPluginManager: Mounting plugin MLSDK
LogPluginManager: Mounting plugin AvfMedia
LogPluginManager: Mounting plugin ImgMedia
LogPluginManager: Mounting plugin MediaCompositing
LogPluginManager: Mounting plugin WmfMedia
LogPluginManager: Mounting plugin TcpMessaging
LogPluginManager: Mounting plugin UdpMessaging
LogPluginManager: Mounting plugin ActorSequence
LogPluginManager: Mounting plugin NetcodeUnitTest
LogPluginManager: Mounting plugin OnlineSubsystemNull
LogPluginManager: Mounting plugin OnlineSubsystem
LogPluginManager: Mounting plugin OnlineSubsystemUtils
LogPluginManager: Mounting plugin LauncherChunkInstaller
LogPluginManager: Mounting plugin AndroidPermission
LogPluginManager: Mounting plugin AppleImageUtils
LogPluginManager: Mounting plugin ArchVisCharacter
LogPluginManager: Mounting plugin AssetTags
LogPluginManager: Mounting plugin AudioCapture
LogPluginManager: Mounting plugin CableComponent
LogPluginManager: Mounting plugin CustomMeshComponent
LogPluginManager: Mounting plugin EditableMesh
LogPluginManager: Mounting plugin ExampleDeviceProfileSelector
LogPluginManager: Mounting plugin LocationServicesBPLibrary
LogPluginManager: Mounting plugin MobilePatchingUtils
LogPluginManager: Mounting plugin OculusVR
LogPluginManager: Mounting plugin ProceduralMeshComponent
LogPluginManager: Mounting plugin PhysXVehicles
LogPluginManager: Mounting plugin RuntimePhysXCooking
LogPluginManager: Mounting plugin SteamVR
LogPluginManager: Mounting plugin WebMMoviePlayer
LogPluginManager: Mounting plugin WebMMedia
LogPluginManager: Mounting plugin WindowsMoviePlayer
LogInit: Using libcurl 7.55.1-DEV
LogInit:  - built for x86_64-pc-win32
LogInit:  - supports SSL with OpenSSL/1.1.1
LogInit:  - supports HTTP deflate (compression) using libz 1.2.8
LogInit:  - other features:
LogInit:      CURL_VERSION_SSL
LogInit:      CURL_VERSION_LIBZ
LogInit:      CURL_VERSION_IPV6
LogInit:      CURL_VERSION_ASYNCHDNS
LogInit:      CURL_VERSION_LARGEFILE
LogInit:      CURL_VERSION_IDN
LogInit:  CurlRequestOptions (configurable via config and command line):
LogInit:  - bVerifyPeer = true  - Libcurl will verify peer certificate
LogInit:  - bUseHttpProxy = false  - Libcurl will NOT use HTTP proxy
LogInit:  - bDontReuseConnections = false  - Libcurl will reuse connections
LogInit:  - MaxHostConnections = 16  - Libcurl will limit the number of connections to a host
LogInit:  - LocalHostAddr = Default
LogInit:  - BufferSize = 65536
LogOnline: OSS: Creating online subsystem instance for: NULL
LogInit: WinSock: version 1.1 (2.2), MaxSocks=32767, MaxUdp=65467
LogOnline: OSS: TryLoadSubsystemAndSetDefault: Loaded subsystem for module [NULL]
LogInit: Build: ++UE4+Release-4.24-CL-11590370
LogInit: Engine Version: 4.24.3-11590370+++UE4+Release-4.24
LogInit: Compatible Engine Version: 4.24.0-10570792+++UE4+Release-4.24
LogInit: Net CL: 10570792
LogInit: OS: Windows 10 (Release 2009) (), CPU: Intel(R) Core(TM) i7-8750H CPU @ 2.20GHz, GPU: NVIDIA GeForce GTX 1060
LogInit: Compiled (64-bit): Feb 24 2020 20:52:55
LogInit: Compiled with Visual C++: 19.16.27032.01
LogInit: Build Configuration: Development
LogInit: Branch Name: ++UE4+Release-4.24
LogInit: Command Line: 
LogInit: Base Directory: D:/games/spaceshipbattle/WindowsNoEditor/spaceshipbattle/Binaries/Win64/
LogInit: Installed Engine Build: 0
LogDevObjectVersion: Number of dev versions registered: 25
LogDevObjectVersion:   Dev-Blueprints (B0D832E4-1F89-4F0D-ACCF-7EB736FD4AA2): 10
LogDevObjectVersion:   Dev-Build (E1C64328-A22C-4D53-A36C-8E866417BD8C): 0
LogDevObjectVersion:   Dev-Core (375EC13C-06E4-48FB-B500-84F0262A717E): 3
LogDevObjectVersion:   Dev-Editor (E4B068ED-F494-42E9-A231-DA0B2E46BB41): 37
LogDevObjectVersion:   Dev-Framework (CFFC743F-43B0-4480-9391-14DF171D2073): 36
LogDevObjectVersion:   Dev-Mobile (B02B49B5-BB20-44E9-A304-32B752E40360): 2
LogDevObjectVersion:   Dev-Networking (A4E4105C-59A1-49B5-A7C5-40C4547EDFEE): 0
LogDevObjectVersion:   Dev-Online (39C831C9-5AE6-47DC-9A44-9C173E1C8E7C): 0
LogDevObjectVersion:   Dev-Physics (78F01B33-EBEA-4F98-B9B4-84EACCB95AA2): 2
LogDevObjectVersion:   Dev-Platform (6631380F-2D4D-43E0-8009-CF276956A95A): 0
LogDevObjectVersion:   Dev-Rendering (12F88B9F-8875-4AFC-A67C-D90C383ABD29): 36
LogDevObjectVersion:   Dev-Sequencer (7B5AE74C-D270-4C10-A958-57980B212A5A): 11
LogDevObjectVersion:   Dev-VR (D7296918-1DD6-4BDD-9DE2-64A83CC13884): 2
LogDevObjectVersion:   Dev-LoadTimes (C2A15278-BFE7-4AFE-6C17-90FF531DF755): 1
LogDevObjectVersion:   Private-Geometry (6EACA3D4-40EC-4CC1-B786-8BED09428FC5): 3
LogDevObjectVersion:   Dev-AnimPhys (29E575DD-E0A3-4627-9D10-D276232CDCEA): 17
LogDevObjectVersion:   Dev-Anim (AF43A65D-7FD3-4947-9873-3E8ED9C1BB05): 2
LogDevObjectVersion:   Dev-ReflectionCapture (6B266CEC-1EC7-4B8F-A30B-E4D90942FC07): 1
LogDevObjectVersion:   Dev-Automation (0DF73D61-A23F-47EA-B727-89E90C41499A): 1
LogDevObjectVersion:   FortniteMain (601D1886-AC64-4F84-AA16-D3DE0DEAC7D6): 31
LogDevObjectVersion:   Dev-Enterprise (9DFFBCD6-494F-0158-E221-12823C92A888): 8
LogDevObjectVersion:   Dev-Niagara (F2AED0AC-9AFE-416F-8664-AA7FFA26D6FC): 1
LogDevObjectVersion:   Dev-Destruction (174F1F0B-B4C6-45A5-B13F-2EE8D0FB917D): 9
LogDevObjectVersion:   Dev-Physics-Ext (35F94A83-E258-406C-A318-09F59610247C): 8
LogDevObjectVersion:   Dev-CineCamera (B2E18506-4273-CFC2-A54E-F4BB758BBA07): 1
LogInit: Presizing for max 2097152 objects, including 1 objects not considered by GC, pre-allocating 0 bytes for permanent pool.
LogStreaming: Display: Async Loading initialized: Event Driven Loader: true, Async Loading Thread: false, Async Post Load: true
LogInit: Object subsystem initialized
LogConfig: Setting CVar [[con.DebugEarlyDefault:1]]
LogConfig: Setting CVar [[r.setres:1280x720]]
[2023.03.22-08.56.04:645][  0]LogConfig: Setting CVar [[con.DebugEarlyDefault:1]]
[2023.03.22-08.56.04:645][  0]LogConfig: Setting CVar [[r.setres:1280x720]]
[2023.03.22-08.56.04:645][  0]LogConfig: Applying CVar settings from Section [/Script/Engine.RendererSettings] File [../../../spaceshipbattle/Saved/Config/WindowsNoEditor/Engine.ini]
[2023.03.22-08.56.04:645][  0]LogConfig: Setting CVar [[r.GPUCrashDebugging:0]]
[2023.03.22-08.56.04:645][  0]LogConfig: Applying CVar settings from Section [/Script/Engine.RendererOverrideSettings] File [../../../spaceshipbattle/Saved/Config/WindowsNoEditor/Engine.ini]
[2023.03.22-08.56.04:645][  0]LogConfig: Applying CVar settings from Section [/Script/Engine.StreamingSettings] File [../../../spaceshipbattle/Saved/Config/WindowsNoEditor/Engine.ini]
[2023.03.22-08.56.04:645][  0]LogConfig: Setting CVar [[s.MinBulkDataSizeForAsyncLoading:131072]]
[2023.03.22-08.56.04:645][  0]LogConfig: Setting CVar [[s.AsyncLoadingThreadEnabled:0]]
[2023.03.22-08.56.04:645][  0]LogConfig: Setting CVar [[s.EventDrivenLoaderEnabled:1]]
[2023.03.22-08.56.04:645][  0]LogConfig: Setting CVar [[s.WarnIfTimeLimitExceeded:0]]
[2023.03.22-08.56.04:645][  0]LogConfig: Setting CVar [[s.TimeLimitExceededMultiplier:1.5]]
[2023.03.22-08.56.04:645][  0]LogConfig: Setting CVar [[s.TimeLimitExceededMinTime:0.005]]
[2023.03.22-08.56.04:646][  0]LogConfig: Setting CVar [[s.UseBackgroundLevelStreaming:1]]
[2023.03.22-08.56.04:646][  0]LogConfig: Setting CVar [[s.PriorityAsyncLoadingExtraTime:15.0]]
[2023.03.22-08.56.04:646][  0]LogConfig: Setting CVar [[s.LevelStreamingActorsUpdateTimeLimit:5.0]]
[2023.03.22-08.56.04:646][  0]LogConfig: Setting CVar [[s.PriorityLevelStreamingActorsUpdateExtraTime:5.0]]
[2023.03.22-08.56.04:646][  0]LogConfig: Setting CVar [[s.LevelStreamingComponentsRegistrationGranularity:10]]
[2023.03.22-08.56.04:646][  0]LogConfig: Setting CVar [[s.UnregisterComponentsTimeLimit:1.0]]
[2023.03.22-08.56.04:646][  0]LogConfig: Setting CVar [[s.LevelStreamingComponentsUnregistrationGranularity:5]]
[2023.03.22-08.56.04:646][  0]LogConfig: Setting CVar [[s.FlushStreamingOnExit:1]]
[2023.03.22-08.56.04:646][  0]LogConfig: Applying CVar settings from Section [/Script/Engine.GarbageCollectionSettings] File [../../../spaceshipbattle/Saved/Config/WindowsNoEditor/Engine.ini]
[2023.03.22-08.56.04:646][  0]LogConfig: Setting CVar [[gc.MaxObjectsNotConsideredByGC:1]]
[2023.03.22-08.56.04:646][  0]LogConfig: Setting CVar [[gc.SizeOfPermanentObjectPool:0]]
[2023.03.22-08.56.04:646][  0]LogConfig: Setting CVar [[gc.FlushStreamingOnGC:0]]
[2023.03.22-08.56.04:646][  0]LogConfig: Setting CVar [[gc.NumRetriesBeforeForcingGC:10]]
[2023.03.22-08.56.04:646][  0]LogConfig: Setting CVar [[gc.AllowParallelGC:1]]
[2023.03.22-08.56.04:646][  0]LogConfig: Setting CVar [[gc.TimeBetweenPurgingPendingKillObjects:61.1]]
[2023.03.22-08.56.04:646][  0]LogConfig: Setting CVar [[gc.MaxObjectsInEditor:25165824]]
[2023.03.22-08.56.04:646][  0]LogConfig: Setting CVar [[gc.IncrementalBeginDestroyEnabled:1]]
[2023.03.22-08.56.04:646][  0]LogConfig: Setting CVar [[gc.CreateGCClusters:1]]
[2023.03.22-08.56.04:646][  0]LogConfig: Setting CVar [[gc.MinGCClusterSize:5]]
[2023.03.22-08.56.04:646][  0]LogConfig: Setting CVar [[gc.ActorClusteringEnabled:0]]
[2023.03.22-08.56.04:646][  0]LogConfig: Setting CVar [[gc.BlueprintClusteringEnabled:0]]
[2023.03.22-08.56.04:646][  0]LogConfig: Setting CVar [[gc.UseDisregardForGCOnDedicatedServers:0]]
[2023.03.22-08.56.04:646][  0]LogConfig: Applying CVar settings from Section [/Script/Engine.NetworkSettings] File [../../../spaceshipbattle/Saved/Config/WindowsNoEditor/Engine.ini]
[2023.03.22-08.56.04:649][  0]LogConfig: Applying CVar settings from Section [ViewDistanceQuality@3] File [../../../spaceshipbattle/Saved/Config/WindowsNoEditor/Scalability.ini]
[2023.03.22-08.56.04:649][  0]LogConfig: Setting CVar [[r.SkeletalMeshLODBias:0]]
[2023.03.22-08.56.04:649][  0]LogConfig: Setting CVar [[r.ViewDistanceScale:1.0]]
[2023.03.22-08.56.04:649][  0]LogConfig: Applying CVar settings from Section [AntiAliasingQuality@3] File [../../../spaceshipbattle/Saved/Config/WindowsNoEditor/Scalability.ini]
[2023.03.22-08.56.04:649][  0]LogConfig: Setting CVar [[r.PostProcessAAQuality:4]]
[2023.03.22-08.56.04:649][  0]LogConfig: Applying CVar settings from Section [ShadowQuality@3] File [../../../spaceshipbattle/Saved/Config/WindowsNoEditor/Scalability.ini]
[2023.03.22-08.56.04:649][  0]LogConfig: Setting CVar [[r.LightFunctionQuality:1]]
[2023.03.22-08.56.04:649][  0]LogConfig: Setting CVar [[r.ShadowQuality:5]]
[2023.03.22-08.56.04:649][  0]LogConfig: Setting CVar [[r.Shadow.CSM.MaxCascades:10]]
[2023.03.22-08.56.04:649][  0]LogConfig: Setting CVar [[r.Shadow.MaxResolution:2048]]
[2023.03.22-08.56.04:649][  0]LogConfig: Setting CVar [[r.Shadow.MaxCSMResolution:2048]]
[2023.03.22-08.56.04:649][  0]LogConfig: Setting CVar [[r.Shadow.RadiusThreshold:0.01]]
[2023.03.22-08.56.04:649][  0]LogConfig: Setting CVar [[r.Shadow.DistanceScale:1.0]]
[2023.03.22-08.56.04:649][  0]LogConfig: Setting CVar [[r.Shadow.CSM.TransitionScale:1.0]]
[2023.03.22-08.56.04:649][  0]LogConfig: Setting CVar [[r.Shadow.PreShadowResolutionFactor:1.0]]
[2023.03.22-08.56.04:649][  0]LogConfig: Setting CVar [[r.DistanceFieldShadowing:1]]
[2023.03.22-08.56.04:649][  0]LogConfig: Setting CVar [[r.DistanceFieldAO:1]]
[2023.03.22-08.56.04:649][  0]LogConfig: Setting CVar [[r.AOQuality:2]]
[2023.03.22-08.56.04:649][  0]LogConfig: Setting CVar [[r.VolumetricFog:1]]
[2023.03.22-08.56.04:649][  0]LogConfig: Setting CVar [[r.VolumetricFog.GridPixelSize:8]]
[2023.03.22-08.56.04:649][  0]LogConfig: Setting CVar [[r.VolumetricFog.GridSizeZ:128]]
[2023.03.22-08.56.04:649][  0]LogConfig: Setting CVar [[r.VolumetricFog.HistoryMissSupersampleCount:4]]
[2023.03.22-08.56.04:649][  0]LogConfig: Setting CVar [[r.LightMaxDrawDistanceScale:1]]
[2023.03.22-08.56.04:649][  0]LogConfig: Setting CVar [[r.CapsuleShadows:1]]
[2023.03.22-08.56.04:649][  0]LogConfig: Applying CVar settings from Section [PostProcessQuality@3] File [../../../spaceshipbattle/Saved/Config/WindowsNoEditor/Scalability.ini]
[2023.03.22-08.56.04:649][  0]LogConfig: Setting CVar [[r.MotionBlurQuality:4]]
[2023.03.22-08.56.04:649][  0]LogConfig: Setting CVar [[r.AmbientOcclusionMipLevelFactor:0.4]]
[2023.03.22-08.56.04:649][  0]LogConfig: Setting CVar [[r.AmbientOcclusionMaxQuality:100]]
[2023.03.22-08.56.04:649][  0]LogConfig: Setting CVar [[r.AmbientOcclusionLevels:-1]]
[2023.03.22-08.56.04:649][  0]LogConfig: Setting CVar [[r.AmbientOcclusionRadiusScale:1.0]]
[2023.03.22-08.56.04:649][  0]LogConfig: Setting CVar [[r.DepthOfFieldQuality:2]]
[2023.03.22-08.56.04:649][  0]LogConfig: Setting CVar [[r.RenderTargetPoolMin:400]]
[2023.03.22-08.56.04:649][  0]LogConfig: Setting CVar [[r.LensFlareQuality:2]]
[2023.03.22-08.56.04:649][  0]LogConfig: Setting CVar [[r.SceneColorFringeQuality:1]]
[2023.03.22-08.56.04:649][  0]LogConfig: Setting CVar [[r.EyeAdaptationQuality:2]]
[2023.03.22-08.56.04:649][  0]LogConfig: Setting CVar [[r.BloomQuality:5]]
[2023.03.22-08.56.04:649][  0]LogConfig: Setting CVar [[r.FastBlurThreshold:100]]
[2023.03.22-08.56.04:649][  0]LogConfig: Setting CVar [[r.Upscale.Quality:3]]
[2023.03.22-08.56.04:649][  0]LogConfig: Setting CVar [[r.Tonemapper.GrainQuantization:1]]
[2023.03.22-08.56.04:649][  0]LogConfig: Setting CVar [[r.LightShaftQuality:1]]
[2023.03.22-08.56.04:649][  0]LogConfig: Setting CVar [[r.Filter.SizeScale:1]]
[2023.03.22-08.56.04:649][  0]LogConfig: Setting CVar [[r.Tonemapper.Quality:5]]
[2023.03.22-08.56.04:649][  0]LogConfig: Setting CVar [[r.DOF.Gather.AccumulatorQuality:1        ; higher gathering accumulator quality]]
[2023.03.22-08.56.04:649][  0]LogConfig: Setting CVar [[r.DOF.Gather.PostfilterMethod:1          ; Median3x3 postfilering method]]
[2023.03.22-08.56.04:649][  0]LogConfig: Setting CVar [[r.DOF.Gather.EnableBokehSettings:0       ; no bokeh simulation when gathering]]
[2023.03.22-08.56.04:649][  0]LogConfig: Setting CVar [[r.DOF.Gather.RingCount:4                 ; medium number of samples when gathering]]
[2023.03.22-08.56.04:649][  0]LogConfig: Setting CVar [[r.DOF.Scatter.ForegroundCompositing:1    ; additive foreground scattering]]
[2023.03.22-08.56.04:649][  0]LogConfig: Setting CVar [[r.DOF.Scatter.BackgroundCompositing:2    ; additive background scattering]]
[2023.03.22-08.56.04:649][  0]LogConfig: Setting CVar [[r.DOF.Scatter.EnableBokehSettings:1      ; bokeh simulation when scattering]]
[2023.03.22-08.56.04:649][  0]LogConfig: Setting CVar [[r.DOF.Scatter.MaxSpriteRatio:0.1         ; only a maximum of 10% of scattered bokeh]]
[2023.03.22-08.56.04:649][  0]LogConfig: Setting CVar [[r.DOF.Recombine.Quality:1                ; cheap slight out of focus]]
[2023.03.22-08.56.04:649][  0]LogConfig: Setting CVar [[r.DOF.Recombine.EnableBokehSettings:0    ; no bokeh simulation on slight out of focus]]
[2023.03.22-08.56.04:649][  0]LogConfig: Setting CVar [[r.DOF.TemporalAAQuality:1                ; more stable temporal accumulation]]
[2023.03.22-08.56.04:649][  0]LogConfig: Setting CVar [[r.DOF.Kernel.MaxForegroundRadius:0.025]]
[2023.03.22-08.56.04:649][  0]LogConfig: Setting CVar [[r.DOF.Kernel.MaxBackgroundRadius:0.025]]
[2023.03.22-08.56.04:649][  0]LogConfig: Applying CVar settings from Section [TextureQuality@3] File [../../../spaceshipbattle/Saved/Config/WindowsNoEditor/Scalability.ini]
[2023.03.22-08.56.04:649][  0]LogConfig: Setting CVar [[r.Streaming.MipBias:0]]
[2023.03.22-08.56.04:649][  0]LogConfig: Setting CVar [[r.Streaming.AmortizeCPUToGPUCopy:0]]
[2023.03.22-08.56.04:649][  0]LogConfig: Setting CVar [[r.Streaming.MaxNumTexturesToStreamPerFrame:0]]
[2023.03.22-08.56.04:649][  0]LogConfig: Setting CVar [[r.Streaming.Boost:1]]
[2023.03.22-08.56.04:649][  0]LogConfig: Setting CVar [[r.MaxAnisotropy:8]]
[2023.03.22-08.56.04:649][  0]LogConfig: Setting CVar [[r.VT.MaxAnisotropy:8]]
[2023.03.22-08.56.04:649][  0]LogConfig: Setting CVar [[r.Streaming.LimitPoolSizeToVRAM:0]]
[2023.03.22-08.56.04:649][  0]LogConfig: Setting CVar [[r.Streaming.PoolSize:1000]]
[2023.03.22-08.56.04:649][  0]LogConfig: Setting CVar [[r.Streaming.MaxEffectiveScreenSize:0]]
[2023.03.22-08.56.04:649][  0]LogConfig: Applying CVar settings from Section [EffectsQuality@3] File [../../../spaceshipbattle/Saved/Config/WindowsNoEditor/Scalability.ini]
[2023.03.22-08.56.04:649][  0]LogConfig: Setting CVar [[r.TranslucencyLightingVolumeDim:64]]
[2023.03.22-08.56.04:649][  0]LogConfig: Setting CVar [[r.RefractionQuality:2]]
[2023.03.22-08.56.04:649][  0]LogConfig: Setting CVar [[r.SSR.Quality:3]]
[2023.03.22-08.56.04:649][  0]LogConfig: Setting CVar [[r.SSR.HalfResSceneColor:0]]
[2023.03.22-08.56.04:649][  0]LogConfig: Setting CVar [[r.SceneColorFormat:4]]
[2023.03.22-08.56.04:649][  0]LogConfig: Setting CVar [[r.DetailMode:2]]
[2023.03.22-08.56.04:649][  0]LogConfig: Setting CVar [[r.TranslucencyVolumeBlur:1]]
[2023.03.22-08.56.04:649][  0]LogConfig: Setting CVar [[r.MaterialQualityLevel:1 ; High quality]]
[2023.03.22-08.56.04:649][  0]LogConfig: Setting CVar [[r.SSS.Scale:1]]
[2023.03.22-08.56.04:649][  0]LogConfig: Setting CVar [[r.SSS.SampleSet:2]]
[2023.03.22-08.56.04:649][  0]LogConfig: Setting CVar [[r.SSS.Quality:1]]
[2023.03.22-08.56.04:649][  0]LogConfig: Setting CVar [[r.SSS.HalfRes:1]]
[2023.03.22-08.56.04:650][  0]LogConfig: Setting CVar [[r.SSGI.Quality:3]]
[2023.03.22-08.56.04:650][  0]LogConfig: Setting CVar [[r.EmitterSpawnRateScale:1.0]]
[2023.03.22-08.56.04:650][  0]LogConfig: Setting CVar [[r.ParticleLightQuality:2]]
[2023.03.22-08.56.04:650][  0]LogConfig: Setting CVar [[r.SkyAtmosphere.AerialPerspectiveLUT.FastApplyOnOpaque:1 ; Always have FastSkyLUT 1 in this case to avoid wrong sky]]
[2023.03.22-08.56.04:650][  0]LogConfig: Setting CVar [[r.SkyAtmosphere.AerialPerspectiveLUT.SampleCountPerSlice:1]]
[2023.03.22-08.56.04:650][  0]LogConfig: Setting CVar [[r.SkyAtmosphere.AerialPerspectiveLUT.DepthResolution:16.0]]
[2023.03.22-08.56.04:650][  0]LogConfig: Setting CVar [[r.SkyAtmosphere.FastSkyLUT:1]]
[2023.03.22-08.56.04:650][  0]LogConfig: Setting CVar [[r.SkyAtmosphere.FastSkyLUT.SampleCountMin:4.0]]
[2023.03.22-08.56.04:650][  0]LogConfig: Setting CVar [[r.SkyAtmosphere.FastSkyLUT.SampleCountMax:32.0]]
[2023.03.22-08.56.04:650][  0]LogConfig: Setting CVar [[r.SkyAtmosphere.SampleCountMin:4.0]]
[2023.03.22-08.56.04:650][  0]LogConfig: Setting CVar [[r.SkyAtmosphere.SampleCountMax:32.0]]
[2023.03.22-08.56.04:650][  0]LogConfig: Setting CVar [[r.SkyAtmosphere.TransmittanceLUT.UseSmallFormat:0]]
[2023.03.22-08.56.04:650][  0]LogConfig: Setting CVar [[r.SkyAtmosphere.TransmittanceLUT.SampleCount:10.0]]
[2023.03.22-08.56.04:650][  0]LogConfig: Setting CVar [[r.SkyAtmosphere.MultiScatteringLUT.SampleCount:15.0]]
[2023.03.22-08.56.04:650][  0]LogConfig: Applying CVar settings from Section [FoliageQuality@3] File [../../../spaceshipbattle/Saved/Config/WindowsNoEditor/Scalability.ini]
[2023.03.22-08.56.04:650][  0]LogConfig: Setting CVar [[foliage.DensityScale:1.0]]
[2023.03.22-08.56.04:650][  0]LogConfig: Setting CVar [[grass.DensityScale:1.0]]
[2023.03.22-08.56.04:650][  0]LogConfig: Applying CVar settings from Section [ShadingQuality@3] File [../../../spaceshipbattle/Saved/Config/WindowsNoEditor/Scalability.ini]
[2023.03.22-08.56.04:650][  0]LogConfig: Setting CVar [[r.HairStrands.SkyLighting.SampleCount:16]]
[2023.03.22-08.56.04:650][  0]LogConfig: Setting CVar [[r.HairStrands.SkyLighting.JitterIntegration:0]]
[2023.03.22-08.56.04:650][  0]LogConfig: Setting CVar [[r.HairStrands.SkyAO.SampleCount:16]]
[2023.03.22-08.56.04:650][  0]LogInit: Selected Device Profile: [WindowsNoEditor]
[2023.03.22-08.56.04:650][  0]LogInit: Applying CVar settings loaded from the selected device profile: [WindowsNoEditor]
[2023.03.22-08.56.04:652][  0]LogHAL: Display: Platform has ~ 16 GB [17053237248 / 17179869184 / 16], which maps to Larger [LargestMinGB=32, LargerMinGB=12, DefaultMinGB=8, SmallerMinGB=6, SmallestMinGB=0)
[2023.03.22-08.56.04:652][  0]LogInit: Going up to parent DeviceProfile [Windows]
[2023.03.22-08.56.04:652][  0]LogInit: Going up to parent DeviceProfile []
[2023.03.22-08.56.04:652][  0]LogConfig: Applying CVar settings from Section [ViewDistanceQuality@3] File [../../../spaceshipbattle/Saved/Config/WindowsNoEditor/Scalability.ini]
[2023.03.22-08.56.04:652][  0]LogConfig: Setting CVar [[r.SkeletalMeshLODBias:0]]
[2023.03.22-08.56.04:652][  0]LogConfig: Setting CVar [[r.ViewDistanceScale:1.0]]
[2023.03.22-08.56.04:652][  0]LogConfig: Applying CVar settings from Section [AntiAliasingQuality@3] File [../../../spaceshipbattle/Saved/Config/WindowsNoEditor/Scalability.ini]
[2023.03.22-08.56.04:652][  0]LogConfig: Setting CVar [[r.PostProcessAAQuality:4]]
[2023.03.22-08.56.04:652][  0]LogConfig: Applying CVar settings from Section [ShadowQuality@3] File [../../../spaceshipbattle/Saved/Config/WindowsNoEditor/Scalability.ini]
[2023.03.22-08.56.04:652][  0]LogConfig: Setting CVar [[r.LightFunctionQuality:1]]
[2023.03.22-08.56.04:652][  0]LogConfig: Setting CVar [[r.ShadowQuality:5]]
[2023.03.22-08.56.04:652][  0]LogConfig: Setting CVar [[r.Shadow.CSM.MaxCascades:10]]
[2023.03.22-08.56.04:652][  0]LogConfig: Setting CVar [[r.Shadow.MaxResolution:2048]]
[2023.03.22-08.56.04:652][  0]LogConfig: Setting CVar [[r.Shadow.MaxCSMResolution:2048]]
[2023.03.22-08.56.04:652][  0]LogConfig: Setting CVar [[r.Shadow.RadiusThreshold:0.01]]
[2023.03.22-08.56.04:652][  0]LogConfig: Setting CVar [[r.Shadow.DistanceScale:1.0]]
[2023.03.22-08.56.04:652][  0]LogConfig: Setting CVar [[r.Shadow.CSM.TransitionScale:1.0]]
[2023.03.22-08.56.04:652][  0]LogConfig: Setting CVar [[r.Shadow.PreShadowResolutionFactor:1.0]]
[2023.03.22-08.56.04:652][  0]LogConfig: Setting CVar [[r.DistanceFieldShadowing:1]]
[2023.03.22-08.56.04:652][  0]LogConfig: Setting CVar [[r.DistanceFieldAO:1]]
[2023.03.22-08.56.04:652][  0]LogConfig: Setting CVar [[r.AOQuality:2]]
[2023.03.22-08.56.04:652][  0]LogConfig: Setting CVar [[r.VolumetricFog:1]]
[2023.03.22-08.56.04:652][  0]LogConfig: Setting CVar [[r.VolumetricFog.GridPixelSize:8]]
[2023.03.22-08.56.04:652][  0]LogConfig: Setting CVar [[r.VolumetricFog.GridSizeZ:128]]
[2023.03.22-08.56.04:652][  0]LogConfig: Setting CVar [[r.VolumetricFog.HistoryMissSupersampleCount:4]]
[2023.03.22-08.56.04:652][  0]LogConfig: Setting CVar [[r.LightMaxDrawDistanceScale:1]]
[2023.03.22-08.56.04:652][  0]LogConfig: Setting CVar [[r.CapsuleShadows:1]]
[2023.03.22-08.56.04:652][  0]LogConfig: Applying CVar settings from Section [PostProcessQuality@3] File [../../../spaceshipbattle/Saved/Config/WindowsNoEditor/Scalability.ini]
[2023.03.22-08.56.04:652][  0]LogConfig: Setting CVar [[r.MotionBlurQuality:4]]
[2023.03.22-08.56.04:652][  0]LogConfig: Setting CVar [[r.AmbientOcclusionMipLevelFactor:0.4]]
[2023.03.22-08.56.04:652][  0]LogConfig: Setting CVar [[r.AmbientOcclusionMaxQuality:100]]
[2023.03.22-08.56.04:652][  0]LogConfig: Setting CVar [[r.AmbientOcclusionLevels:-1]]
[2023.03.22-08.56.04:652][  0]LogConfig: Setting CVar [[r.AmbientOcclusionRadiusScale:1.0]]
[2023.03.22-08.56.04:652][  0]LogConfig: Setting CVar [[r.DepthOfFieldQuality:2]]
[2023.03.22-08.56.04:652][  0]LogConfig: Setting CVar [[r.RenderTargetPoolMin:400]]
[2023.03.22-08.56.04:652][  0]LogConfig: Setting CVar [[r.LensFlareQuality:2]]
[2023.03.22-08.56.04:652][  0]LogConfig: Setting CVar [[r.SceneColorFringeQuality:1]]
[2023.03.22-08.56.04:652][  0]LogConfig: Setting CVar [[r.EyeAdaptationQuality:2]]
[2023.03.22-08.56.04:652][  0]LogConfig: Setting CVar [[r.BloomQuality:5]]
[2023.03.22-08.56.04:652][  0]LogConfig: Setting CVar [[r.FastBlurThreshold:100]]
[2023.03.22-08.56.04:652][  0]LogConfig: Setting CVar [[r.Upscale.Quality:3]]
[2023.03.22-08.56.04:652][  0]LogConfig: Setting CVar [[r.Tonemapper.GrainQuantization:1]]
[2023.03.22-08.56.04:652][  0]LogConfig: Setting CVar [[r.LightShaftQuality:1]]
[2023.03.22-08.56.04:652][  0]LogConfig: Setting CVar [[r.Filter.SizeScale:1]]
[2023.03.22-08.56.04:652][  0]LogConfig: Setting CVar [[r.Tonemapper.Quality:5]]
[2023.03.22-08.56.04:652][  0]LogConfig: Setting CVar [[r.DOF.Gather.AccumulatorQuality:1        ; higher gathering accumulator quality]]
[2023.03.22-08.56.04:652][  0]LogConfig: Setting CVar [[r.DOF.Gather.PostfilterMethod:1          ; Median3x3 postfilering method]]
[2023.03.22-08.56.04:652][  0]LogConfig: Setting CVar [[r.DOF.Gather.EnableBokehSettings:0       ; no bokeh simulation when gathering]]
[2023.03.22-08.56.04:652][  0]LogConfig: Setting CVar [[r.DOF.Gather.RingCount:4                 ; medium number of samples when gathering]]
[2023.03.22-08.56.04:652][  0]LogConfig: Setting CVar [[r.DOF.Scatter.ForegroundCompositing:1    ; additive foreground scattering]]
[2023.03.22-08.56.04:652][  0]LogConfig: Setting CVar [[r.DOF.Scatter.BackgroundCompositing:2    ; additive background scattering]]
[2023.03.22-08.56.04:652][  0]LogConfig: Setting CVar [[r.DOF.Scatter.EnableBokehSettings:1      ; bokeh simulation when scattering]]
[2023.03.22-08.56.04:652][  0]LogConfig: Setting CVar [[r.DOF.Scatter.MaxSpriteRatio:0.1         ; only a maximum of 10% of scattered bokeh]]
[2023.03.22-08.56.04:652][  0]LogConfig: Setting CVar [[r.DOF.Recombine.Quality:1                ; cheap slight out of focus]]
[2023.03.22-08.56.04:652][  0]LogConfig: Setting CVar [[r.DOF.Recombine.EnableBokehSettings:0    ; no bokeh simulation on slight out of focus]]
[2023.03.22-08.56.04:652][  0]LogConfig: Setting CVar [[r.DOF.TemporalAAQuality:1                ; more stable temporal accumulation]]
[2023.03.22-08.56.04:652][  0]LogConfig: Setting CVar [[r.DOF.Kernel.MaxForegroundRadius:0.025]]
[2023.03.22-08.56.04:652][  0]LogConfig: Setting CVar [[r.DOF.Kernel.MaxBackgroundRadius:0.025]]
[2023.03.22-08.56.04:653][  0]LogConfig: Applying CVar settings from Section [TextureQuality@3] File [../../../spaceshipbattle/Saved/Config/WindowsNoEditor/Scalability.ini]
[2023.03.22-08.56.04:653][  0]LogConfig: Setting CVar [[r.Streaming.MipBias:0]]
[2023.03.22-08.56.04:653][  0]LogConfig: Setting CVar [[r.Streaming.AmortizeCPUToGPUCopy:0]]
[2023.03.22-08.56.04:653][  0]LogConfig: Setting CVar [[r.Streaming.MaxNumTexturesToStreamPerFrame:0]]
[2023.03.22-08.56.04:653][  0]LogConfig: Setting CVar [[r.Streaming.Boost:1]]
[2023.03.22-08.56.04:653][  0]LogConfig: Setting CVar [[r.MaxAnisotropy:8]]
[2023.03.22-08.56.04:653][  0]LogConfig: Setting CVar [[r.VT.MaxAnisotropy:8]]
[2023.03.22-08.56.04:653][  0]LogConfig: Setting CVar [[r.Streaming.LimitPoolSizeToVRAM:0]]
[2023.03.22-08.56.04:653][  0]LogConfig: Setting CVar [[r.Streaming.PoolSize:1000]]
[2023.03.22-08.56.04:653][  0]LogConfig: Setting CVar [[r.Streaming.MaxEffectiveScreenSize:0]]
[2023.03.22-08.56.04:653][  0]LogConfig: Applying CVar settings from Section [EffectsQuality@3] File [../../../spaceshipbattle/Saved/Config/WindowsNoEditor/Scalability.ini]
[2023.03.22-08.56.04:653][  0]LogConfig: Setting CVar [[r.TranslucencyLightingVolumeDim:64]]
[2023.03.22-08.56.04:653][  0]LogConfig: Setting CVar [[r.RefractionQuality:2]]
[2023.03.22-08.56.04:653][  0]LogConfig: Setting CVar [[r.SSR.Quality:3]]
[2023.03.22-08.56.04:653][  0]LogConfig: Setting CVar [[r.SSR.HalfResSceneColor:0]]
[2023.03.22-08.56.04:653][  0]LogConfig: Setting CVar [[r.SceneColorFormat:4]]
[2023.03.22-08.56.04:653][  0]LogConfig: Setting CVar [[r.DetailMode:2]]
[2023.03.22-08.56.04:653][  0]LogConfig: Setting CVar [[r.TranslucencyVolumeBlur:1]]
[2023.03.22-08.56.04:653][  0]LogConfig: Setting CVar [[r.MaterialQualityLevel:1 ; High quality]]
[2023.03.22-08.56.04:653][  0]LogConfig: Setting CVar [[r.SSS.Scale:1]]
[2023.03.22-08.56.04:653][  0]LogConfig: Setting CVar [[r.SSS.SampleSet:2]]
[2023.03.22-08.56.04:653][  0]LogConfig: Setting CVar [[r.SSS.Quality:1]]
[2023.03.22-08.56.04:653][  0]LogConfig: Setting CVar [[r.SSS.HalfRes:1]]
[2023.03.22-08.56.04:653][  0]LogConfig: Setting CVar [[r.SSGI.Quality:3]]
[2023.03.22-08.56.04:653][  0]LogConfig: Setting CVar [[r.EmitterSpawnRateScale:1.0]]
[2023.03.22-08.56.04:653][  0]LogConfig: Setting CVar [[r.ParticleLightQuality:2]]
[2023.03.22-08.56.04:653][  0]LogConfig: Setting CVar [[r.SkyAtmosphere.AerialPerspectiveLUT.FastApplyOnOpaque:1 ; Always have FastSkyLUT 1 in this case to avoid wrong sky]]
[2023.03.22-08.56.04:653][  0]LogConfig: Setting CVar [[r.SkyAtmosphere.AerialPerspectiveLUT.SampleCountPerSlice:1]]
[2023.03.22-08.56.04:653][  0]LogConfig: Setting CVar [[r.SkyAtmosphere.AerialPerspectiveLUT.DepthResolution:16.0]]
[2023.03.22-08.56.04:653][  0]LogConfig: Setting CVar [[r.SkyAtmosphere.FastSkyLUT:1]]
[2023.03.22-08.56.04:653][  0]LogConfig: Setting CVar [[r.SkyAtmosphere.FastSkyLUT.SampleCountMin:4.0]]
[2023.03.22-08.56.04:653][  0]LogConfig: Setting CVar [[r.SkyAtmosphere.FastSkyLUT.SampleCountMax:32.0]]
[2023.03.22-08.56.04:653][  0]LogConfig: Setting CVar [[r.SkyAtmosphere.SampleCountMin:4.0]]
[2023.03.22-08.56.04:653][  0]LogConfig: Setting CVar [[r.SkyAtmosphere.SampleCountMax:32.0]]
[2023.03.22-08.56.04:653][  0]LogConfig: Setting CVar [[r.SkyAtmosphere.TransmittanceLUT.UseSmallFormat:0]]
[2023.03.22-08.56.04:653][  0]LogConfig: Setting CVar [[r.SkyAtmosphere.TransmittanceLUT.SampleCount:10.0]]
[2023.03.22-08.56.04:653][  0]LogConfig: Setting CVar [[r.SkyAtmosphere.MultiScatteringLUT.SampleCount:15.0]]
[2023.03.22-08.56.04:653][  0]LogConfig: Applying CVar settings from Section [FoliageQuality@3] File [../../../spaceshipbattle/Saved/Config/WindowsNoEditor/Scalability.ini]
[2023.03.22-08.56.04:653][  0]LogConfig: Setting CVar [[foliage.DensityScale:1.0]]
[2023.03.22-08.56.04:653][  0]LogConfig: Setting CVar [[grass.DensityScale:1.0]]
[2023.03.22-08.56.04:653][  0]LogConfig: Applying CVar settings from Section [ShadingQuality@3] File [../../../spaceshipbattle/Saved/Config/WindowsNoEditor/Scalability.ini]
[2023.03.22-08.56.04:653][  0]LogConfig: Setting CVar [[r.HairStrands.SkyLighting.SampleCount:16]]
[2023.03.22-08.56.04:653][  0]LogConfig: Setting CVar [[r.HairStrands.SkyLighting.JitterIntegration:0]]
[2023.03.22-08.56.04:653][  0]LogConfig: Setting CVar [[r.HairStrands.SkyAO.SampleCount:16]]
[2023.03.22-08.56.04:653][  0]LogConfig: Applying CVar settings from Section [Startup] File [../../../Engine/Config/ConsoleVariables.ini]
[2023.03.22-08.56.04:653][  0]LogConfig: Setting CVar [[net.UseAdaptiveNetUpdateFrequency:0]]
[2023.03.22-08.56.04:653][  0]LogConfig: Setting CVar [[p.chaos.AllowCreatePhysxBodies:1]]
[2023.03.22-08.56.04:653][  0]LogConfig: Applying CVar settings from Section [ConsoleVariables] File [../../../spaceshipbattle/Saved/Config/WindowsNoEditor/Engine.ini]
[2023.03.22-08.56.04:653][  0]LogInit: Computer: LAPTOP-AF12UERI
[2023.03.22-08.56.04:653][  0]LogInit: User: 42年的拉斐尔
[2023.03.22-08.56.04:653][  0]LogInit: CPU Page size=4096, Cores=6
[2023.03.22-08.56.04:653][  0]LogInit: High frequency timer resolution =10.000000 MHz
[2023.03.22-08.56.04:654][  0]LogMemory: Memory total: Physical=15.9GB (16GB approx)
[2023.03.22-08.56.04:654][  0]LogMemory: Platform Memory Stats for WindowsNoEditor
[2023.03.22-08.56.04:654][  0]LogMemory: Process Physical Memory: 60.60 MB used, 60.61 MB peak
[2023.03.22-08.56.04:654][  0]LogMemory: Process Virtual Memory: 69.88 MB used, 69.88 MB peak
[2023.03.22-08.56.04:654][  0]LogMemory: Physical Memory: 6411.76 MB used,  9851.48 MB free, 16263.23 MB total
[2023.03.22-08.56.04:654][  0]LogMemory: Virtual Memory: 4912.16 MB used,  134212816.00 MB free, 134217728.00 MB total
[2023.03.22-08.56.04:658][  0]LogWindows: WindowsPlatformFeatures enabled
[2023.03.22-08.56.04:744][  0]LogInit: Using OS detected language (zh-CN).
[2023.03.22-08.56.04:744][  0]LogInit: Using OS detected locale (zh-CN).
[2023.03.22-08.56.04:744][  0]LogTextLocalizationManager: No localization for 'zh-CN' exists, so 'en' will be used for the language.
[2023.03.22-08.56.04:744][  0]LogTextLocalizationManager: No localization for 'zh-CN' exists, so 'en' will be used for the locale.
[2023.03.22-08.56.04:818][  0]LogSlate: New Slate User Created.  User Index 0, Is Virtual User: 0
[2023.03.22-08.56.04:818][  0]LogSlate: Slate User Registered.  User Index 0, Is Virtual User: 0
[2023.03.22-08.56.04:832][  0]LogHMD: Failed to initialize OpenVR with code 110
[2023.03.22-08.56.04:832][  0]LogD3D11RHI: D3D11 min allowed feature level: 11_0
[2023.03.22-08.56.04:832][  0]LogD3D11RHI: D3D11 max allowed feature level: 11_0
[2023.03.22-08.56.04:832][  0]LogD3D11RHI: D3D11 adapters:
[2023.03.22-08.56.04:976][  0]LogD3D11RHI:    0. 'NVIDIA GeForce GTX 1060' (Feature Level 11_0)
[2023.03.22-08.56.04:976][  0]LogD3D11RHI:       6052/0/8131 MB DedicatedVideo/DedicatedSystem/SharedSystem, Outputs:1, VendorId:0x10de
[2023.03.22-08.56.04:979][  0]LogD3D11RHI:    1. 'Microsoft Basic Render Driver' (Feature Level 11_0)
[2023.03.22-08.56.04:979][  0]LogD3D11RHI:       0/0/8131 MB DedicatedVideo/DedicatedSystem/SharedSystem, Outputs:0, VendorId:0x1414
[2023.03.22-08.56.04:979][  0]LogD3D11RHI: Chosen D3D11 Adapter: 0
[2023.03.22-08.56.04:986][  0]LogD3D11RHI: Creating new Direct3DDevice
[2023.03.22-08.56.04:986][  0]LogD3D11RHI:     GPU DeviceId: 0x1c60 (for the marketing name, search the web for "GPU Device Id")
[2023.03.22-08.56.04:987][  0]LogWindows: EnumDisplayDevices:
[2023.03.22-08.56.04:987][  0]LogWindows:    0. 'NVIDIA GeForce GTX 1060' (P:1 D:1)
[2023.03.22-08.56.04:987][  0]LogWindows:    1. 'NVIDIA GeForce GTX 1060' (P:0 D:0)
[2023.03.22-08.56.04:988][  0]LogWindows:    2. 'NVIDIA GeForce GTX 1060' (P:0 D:0)
[2023.03.22-08.56.04:988][  0]LogWindows:    3. 'NVIDIA GeForce GTX 1060' (P:0 D:0)
[2023.03.22-08.56.04:989][  0]LogWindows: DebugString: FoundDriverCount:4 
[2023.03.22-08.56.04:989][  0]LogD3D11RHI:     Adapter Name: NVIDIA GeForce GTX 1060
[2023.03.22-08.56.04:989][  0]LogD3D11RHI:   Driver Version: 497.29 (internal:30.0.14.9729, unified:497.29)
[2023.03.22-08.56.04:989][  0]LogD3D11RHI:      Driver Date: 12-15-2021
[2023.03.22-08.56.04:989][  0]LogRHI: Texture pool is 4236 MB (70% of 6052 MB)
[2023.03.22-08.56.05:052][  0]LogD3D11RHI: RHI has support for 64 bit atomics
[2023.03.22-08.56.05:052][  0]LogD3D11RHI: Async texture creation enabled
[2023.03.22-08.56.05:075][  0]LogD3D11RHI: GPU Timing Frequency: 1000.000000 (Debug: 2 1)
[2023.03.22-08.56.05:090][  0]LogMaterial: Verifying Global Shaders for PCD3D_SM5
[2023.03.22-08.56.05:094][  0]LogSlate: Using FreeType 2.10.0
[2023.03.22-08.56.05:094][  0]LogSlate: SlateFontServices - WITH_FREETYPE: 1, WITH_HARFBUZZ: 1
[2023.03.22-08.56.05:149][  0]LogInit: Using OS detected language (zh-CN).
[2023.03.22-08.56.05:149][  0]LogInit: Using OS detected locale (zh-CN).
[2023.03.22-08.56.05:149][  0]LogTextLocalizationManager: No localization for 'zh-CN' exists, so 'en' will be used for the language.
[2023.03.22-08.56.05:149][  0]LogTextLocalizationManager: No localization for 'zh-CN' exists, so 'en' will be used for the locale.
[2023.03.22-08.56.05:149][  0]LogTextLocalizationManager: Compacting localization data took   0.45ms
[2023.03.22-08.56.05:151][  0]LogAssetRegistry: FAssetRegistry took 0.0012 seconds to start up
[2023.03.22-08.56.05:256][  0]LogStreaming: Display: Flushing async loaders.
[2023.03.22-08.56.05:256][  0]LogPackageLocalizationCache: Processed 9 localized package path(s) for 1 prioritized culture(s) in 0.000064 seconds
[2023.03.22-08.56.05:256][  0]LogPakFile: New pak file ../../../spaceshipbattle/Content/Paks/spaceshipbattle-WindowsNoEditor.pak added to pak precacher.
[2023.03.22-08.56.05:259][  0]LogInit: Selected Device Profile: [WindowsNoEditor]
[2023.03.22-08.56.05:269][  0]LogNetVersion: spaceshipbattle 1.0.0, NetCL: 10570792, EngineNetVer: 13, GameNetVer: 0 (Checksum: 3847881980)
[2023.03.22-08.56.05:310][  0]LogAudioCaptureCore: Display: No Audio Capture implementations found. Audio input will be silent.
[2023.03.22-08.56.05:310][  0]LogAudioCaptureCore: Display: No Audio Capture implementations found. Audio input will be silent.
[2023.03.22-08.56.05:354][  0]LogMoviePlayer: Initializing movie player
[2023.03.22-08.56.05:355][  0]LogAndroidPermission: UAndroidPermissionCallbackProxy::GetInstance
[2023.03.22-08.56.05:355][  0]LogOcInput: OculusInput pre-init called
[2023.03.22-08.56.05:360][  0]LogUObjectArray: 42734 objects as part of root set at end of initial load.
[2023.03.22-08.56.05:360][  0]LogUObjectArray: 2 objects are not in the root set, but can never be destroyed because they are in the DisregardForGC set.
[2023.03.22-08.56.05:360][  0]LogUObjectAllocator: 6372000 out of 0 bytes used by permanent object pool.
[2023.03.22-08.56.05:360][  0]LogUObjectArray: CloseDisregardForGC: 42734/42734 objects in disregard for GC pool
[2023.03.22-08.56.05:362][  0]LogEngine: Initializing Engine...
[2023.03.22-08.56.05:363][  0]LogHMD: Failed to initialize OpenVR with code 110
[2023.03.22-08.56.05:364][  0]LogStats: UGameplayTagsManager::InitializeManager -  0.000 s
[2023.03.22-08.56.05:434][  0]LogPakFile: Precache HighWater 16MB

[2023.03.22-08.56.05:434][  0]LogPakFile: Precache HighWater 32MB

[2023.03.22-08.56.05:435][  0]LogInit: Initializing FReadOnlyCVARCache
[2023.03.22-08.56.05:435][  0]LogAudioMixer: Display: Audio Mixer Platform Settings:
[2023.03.22-08.56.05:435][  0]LogAudioMixer: Display: 	Sample Rate:						  48000
[2023.03.22-08.56.05:435][  0]LogAudioMixer: Display: 	Callback Buffer Frame Size Requested: 1024
[2023.03.22-08.56.05:435][  0]LogAudioMixer: Display: 	Callback Buffer Frame Size To Use:	  1024
[2023.03.22-08.56.05:435][  0]LogAudioMixer: Display: 	Number of buffers to queue:			  2
[2023.03.22-08.56.05:435][  0]LogAudioMixer: Display: 	Max Channels (voices):				  32
[2023.03.22-08.56.05:435][  0]LogAudioMixer: Display: 	Number of Async Source Workers:		  0
[2023.03.22-08.56.05:435][  0]LogAudio: Display: AudioDevice MaxSources: 32
[2023.03.22-08.56.05:435][  0]LogAudio: Display: Using built-in audio occlusion.
[2023.03.22-08.56.05:435][  0]LogAudioMixer: Display: Initializing audio mixer.
[2023.03.22-08.56.05:443][  0]LogAudioDebug: Display: Lib vorbis DLL was dynamically loaded.
[2023.03.22-08.56.05:455][  0]LogAudioMixer: Display: Audio Device Output Speaker Info:
[2023.03.22-08.56.05:455][  0]LogAudioMixer: Display: Name: Speaker / Headphone (Realtek(R) Audio)
[2023.03.22-08.56.05:455][  0]LogAudioMixer: Display: Is Default: Yes
[2023.03.22-08.56.05:455][  0]LogAudioMixer: Display: Sample Rate: 48000
[2023.03.22-08.56.05:455][  0]LogAudioMixer: Display: Channel Count Used: 2
[2023.03.22-08.56.05:455][  0]LogAudioMixer: Display: Device Channel Count: 2
[2023.03.22-08.56.05:455][  0]LogAudioMixer: Display: Channel Order:
[2023.03.22-08.56.05:455][  0]LogAudioMixer: Display: 0: FrontLeft
[2023.03.22-08.56.05:455][  0]LogAudioMixer: Display: 1: FrontRight
[2023.03.22-08.56.05:501][  0]LogAudioMixer: Display: Using Audio Device Speaker / Headphone (Realtek(R) Audio)
[2023.03.22-08.56.05:504][  0]LogInit: FAudioDevice initialized.
[2023.03.22-08.56.05:505][  0]LogNetVersion: Set ProjectVersion to 1.0.0.0. Version Checksum will be recalculated on next use.
[2023.03.22-08.56.05:505][  0]LogInit: Texture streaming: Enabled
[2023.03.22-08.56.05:511][  0]LogSlate: Updating window title bar state: overlay mode, drag disabled, window buttons hidden, title bar hidden
[2023.03.22-08.56.05:512][  0]LogInit: Display: Game Engine Initialized.
[2023.03.22-08.56.05:512][  0]LogInit: Display: Starting Game.
[2023.03.22-08.56.05:513][  0]LogNet: Browse: /Game/Maps/Mainmap?Name=Player
[2023.03.22-08.56.05:513][  0]LogLoad: LoadMap: /Game/Maps/Mainmap?Name=Player
[2023.03.22-08.56.05:513][  0]LogWorld: BeginTearingDown for /Temp/Untitled_0
[2023.03.22-08.56.05:514][  0]LogWorld: UWorld::CleanupWorld for Untitled, bSessionEnded=true, bCleanupResources=true
[2023.03.22-08.56.05:514][  0]LogSlate: InvalidateAllWidgets triggered.  All widgets were invalidated
[2023.03.22-08.56.05:519][  0]LogAudioMixer: Display: No commands were queued while flushing the source manager.
[2023.03.22-08.56.05:521][  0]LogUObjectHash: Compacting FUObjectHashTables data took   1.82ms
[2023.03.22-08.56.05:546][  0]LogAIModule: Creating AISystem for world Mainmap
[2023.03.22-08.56.05:549][  0]LogLoad: Game class is 'BP_Gamemode_C'
[2023.03.22-08.56.05:551][  0]LogWorld: Bringing World /Game/Maps/Mainmap.Mainmap up for play (max tick rate 0) at 2023.03.22-16.56.05
[2023.03.22-08.56.05:552][  0]LogWorld: Bringing up level for play took: 0.001572
[2023.03.22-08.56.05:554][  0]LogUMG: Display: Widget Class WBP_Score_C - Loaded Fast Template.
[2023.03.22-08.56.05:555][  0]LogLoad: Took 0.042232 seconds to LoadMap(/Game/Maps/Mainmap)
[2023.03.22-08.56.05:556][  0]LogSlate: Took 0.000157 seconds to synchronously load lazily loaded font '../../../Engine/Content/EngineFonts/Faces/RobotoBold.ufont' (160K)
[2023.03.22-08.56.05:572][  0]LogRenderer: Reallocating scene render targets to support 1920x1080 Format 10 NumSamples 1 (Frame:1).
[2023.03.22-08.56.05:572][  0]LogLoad: (Engine Initialization) Total time: 1.09 seconds
[2023.03.22-08.56.05:618][  0]LogContentStreaming: Texture pool size now 1000 MB
[2023.03.22-08.56.05:821][  2]LogRenderer: Reallocating scene render targets to support 128x128 Format 10 NumSamples 1 (Frame:1).
[2023.03.22-08.56.05:882][  2]LogRenderer: Reallocating scene render targets to support 1920x1080 Format 10 NumSamples 1 (Frame:2).
[2023.03.22-08.56.10:028][ 83]LogNet: Browse: /Game/Maps/Mainmap
[2023.03.22-08.56.10:028][ 83]LogLoad: LoadMap: /Game/Maps/Mainmap
[2023.03.22-08.56.10:028][ 83]LogWorld: BeginTearingDown for /Game/Maps/Mainmap
[2023.03.22-08.56.10:028][ 83]LogWorld: UWorld::CleanupWorld for Mainmap, bSessionEnded=true, bCleanupResources=true
[2023.03.22-08.56.10:028][ 83]LogSlate: InvalidateAllWidgets triggered.  All widgets were invalidated
[2023.03.22-08.56.10:054][ 83]LogAudioMixer: Display: Flush succeeded in the source manager command queue (1).
[2023.03.22-08.56.10:054][ 83]LogAudioMixer: Display: Flush succeeded the source manager command queue (2).
[2023.03.22-08.56.10:057][ 83]LogUObjectHash: Compacting FUObjectHashTables data took   1.96ms
[2023.03.22-08.56.10:060][ 83]LogStreaming: Display: Flushing async loaders.
[2023.03.22-08.56.10:077][ 83]LogAIModule: Creating AISystem for world Mainmap
[2023.03.22-08.56.10:079][ 83]LogLoad: Game class is 'BP_Gamemode_C'
[2023.03.22-08.56.10:080][ 83]LogWorld: Bringing World /Game/Maps/Mainmap.Mainmap up for play (max tick rate 0) at 2023.03.22-16.56.10
[2023.03.22-08.56.10:080][ 83]LogWorld: Bringing up level for play took: 0.000425
[2023.03.22-08.56.10:081][ 83]LogUMG: Display: Widget Class WBP_Score_C - Loaded Fast Template.
[2023.03.22-08.56.10:081][ 83]LogLoad: Took 0.053301 seconds to LoadMap(/Game/Maps/Mainmap)
[2023.03.22-08.56.14:505][245]LogNet: Browse: /Game/Maps/Mainmap
[2023.03.22-08.56.14:505][245]LogLoad: LoadMap: /Game/Maps/Mainmap
[2023.03.22-08.56.14:505][245]LogWorld: BeginTearingDown for /Game/Maps/Mainmap
[2023.03.22-08.56.14:505][245]LogWorld: UWorld::CleanupWorld for Mainmap, bSessionEnded=true, bCleanupResources=true
[2023.03.22-08.56.14:506][245]LogSlate: InvalidateAllWidgets triggered.  All widgets were invalidated
[2023.03.22-08.56.14:533][245]LogAudioMixer: Display: Flush succeeded in the source manager command queue (1).
[2023.03.22-08.56.14:533][245]LogAudioMixer: Display: Flush succeeded the source manager command queue (2).
[2023.03.22-08.56.14:535][245]LogUObjectHash: Compacting FUObjectHashTables data took   0.99ms
[2023.03.22-08.56.14:537][245]LogStreaming: Display: Flushing async loaders.
[2023.03.22-08.56.14:553][245]LogAIModule: Creating AISystem for world Mainmap
[2023.03.22-08.56.14:555][245]LogLoad: Game class is 'BP_Gamemode_C'
[2023.03.22-08.56.14:556][245]LogWorld: Bringing World /Game/Maps/Mainmap.Mainmap up for play (max tick rate 0) at 2023.03.22-16.56.14
[2023.03.22-08.56.14:556][245]LogWorld: Bringing up level for play took: 0.000402
[2023.03.22-08.56.14:557][245]LogUMG: Display: Widget Class WBP_Score_C - Loaded Fast Template.
[2023.03.22-08.56.14:557][245]LogLoad: Took 0.051967 seconds to LoadMap(/Game/Maps/Mainmap)
[2023.03.22-08.56.16:580][403]LogWindows: Could not start crash report client using ../../../Engine/Binaries/Win64/CrashReportClient-Win64-Development.exe
[2023.03.22-08.56.16:580][403]LogMemory: Platform Memory Stats for WindowsNoEditor
[2023.03.22-08.56.16:580][403]LogMemory: Process Physical Memory: 253.93 MB used, 301.84 MB peak
[2023.03.22-08.56.16:580][403]LogMemory: Process Virtual Memory: 922.04 MB used, 988.18 MB peak
[2023.03.22-08.56.16:580][403]LogMemory: Physical Memory: 6630.70 MB used,  9632.54 MB free, 16263.23 MB total
[2023.03.22-08.56.16:580][403]LogMemory: Virtual Memory: 6203.55 MB used,  134211528.00 MB free, 134217728.00 MB total
[2023.03.22-08.56.16:580][403]LogWindows: Error: === Critical error: ===
[2023.03.22-08.56.16:580][403]LogWindows: Error: 
[2023.03.22-08.56.16:580][403]LogWindows: Error: Fatal error!
[2023.03.22-08.56.16:580][403]LogWindows: Error: 
[2023.03.22-08.56.16:580][403]LogWindows: Error: Unhandled Exception: EXCEPTION_ACCESS_VIOLATION reading address 0x00000064
[2023.03.22-08.56.16:580][403]LogWindows: Error: 
[2023.03.22-08.56.16:580][403]LogWindows: Error: [Callstack] 0x00007ff665bb04f4 spaceshipbattle.exe!UnknownFunction []
[2023.03.22-08.56.16:580][403]LogWindows: Error: [Callstack] 0x00007ff665b96e6e spaceshipbattle.exe!UnknownFunction []
[2023.03.22-08.56.16:580][403]LogWindows: Error: [Callstack] 0x00007ff663625bf8 spaceshipbattle.exe!UnknownFunction []
[2023.03.22-08.56.16:580][403]LogWindows: Error: [Callstack] 0x00007ff665e5db3f spaceshipbattle.exe!UnknownFunction []
[2023.03.22-08.56.16:580][403]LogWindows: Error: [Callstack] 0x00007ff665e9537c spaceshipbattle.exe!UnknownFunction []
[2023.03.22-08.56.16:580][403]LogWindows: Error: [Callstack] 0x00007ff665e809bb spaceshipbattle.exe!UnknownFunction []
[2023.03.22-08.56.16:580][403]LogWindows: Error: [Callstack] 0x00007ff665eca0ed spaceshipbattle.exe!UnknownFunction []
[2023.03.22-08.56.16:580][403]LogWindows: Error: [Callstack] 0x00007ff665ea0749 spaceshipbattle.exe!UnknownFunction []
[2023.03.22-08.56.16:580][403]LogWindows: Error: [Callstack] 0x00007ff665b8d04f spaceshipbattle.exe!UnknownFunction []
[2023.03.22-08.56.16:580][403]LogWindows: Error: [Callstack] 0x00007ff663623578 spaceshipbattle.exe!UnknownFunction []
[2023.03.22-08.56.16:580][403]LogWindows: Error: [Callstack] 0x00007ff663623891 spaceshipbattle.exe!UnknownFunction []
[2023.03.22-08.56.16:580][403]LogWindows: Error: [Callstack] 0x00007ff665bc543f spaceshipbattle.exe!UnknownFunction []
[2023.03.22-08.56.16:580][403]LogWindows: Error: [Callstack] 0x00007ff665b9d8b8 spaceshipbattle.exe!UnknownFunction []
[2023.03.22-08.56.16:580][403]LogWindows: Error: [Callstack] 0x00007ff666872dc7 spaceshipbattle.exe!UnknownFunction []
[2023.03.22-08.56.16:580][403]LogWindows: Error: [Callstack] 0x00007ff66687ef77 spaceshipbattle.exe!UnknownFunction []
[2023.03.22-08.56.16:580][403]LogWindows: Error: [Callstack] 0x00007ff6636610b9 spaceshipbattle.exe!UnknownFunction []
[2023.03.22-08.56.16:580][403]LogWindows: Error: [Callstack] 0x00007ff663661413 spaceshipbattle.exe!UnknownFunction []
[2023.03.22-08.56.16:580][403]LogWindows: Error: [Callstack] 0x00007ff663670521 spaceshipbattle.exe!UnknownFunction []
[2023.03.22-08.56.16:580][403]LogWindows: Error: [Callstack] 0x00007ff66689702c spaceshipbattle.exe!UnknownFunction []
[2023.03.22-08.56.16:580][403]LogWindows: Error: [Callstack] 0x00007ff66689c192 spaceshipbattle.exe!UnknownFunction []
[2023.03.22-08.56.16:580][403]LogWindows: Error: [Callstack] 0x00007ff6661de69f spaceshipbattle.exe!UnknownFunction []
[2023.03.22-08.56.16:580][403]LogWindows: Error: [Callstack] 0x00007ff6661e8ed8 spaceshipbattle.exe!UnknownFunction []
[2023.03.22-08.56.16:580][403]LogWindows: Error: [Callstack] 0x00007ff666063273 spaceshipbattle.exe!UnknownFunction []
[2023.03.22-08.56.16:580][403]LogWindows: Error: [Callstack] 0x00007ff6630619db spaceshipbattle.exe!UnknownFunction []
[2023.03.22-08.56.16:580][403]LogWindows: Error: [Callstack] 0x00007ff663073d7c spaceshipbattle.exe!UnknownFunction []
[2023.03.22-08.56.16:580][403]LogWindows: Error: [Callstack] 0x00007ff663073e3a spaceshipbattle.exe!UnknownFunction []
[2023.03.22-08.56.16:580][403]LogWindows: Error: [Callstack] 0x00007ff66308426f spaceshipbattle.exe!UnknownFunction []
[2023.03.22-08.56.16:580][403]LogWindows: Error: [Callstack] 0x00007ff6678cefe2 spaceshipbattle.exe!UnknownFunction []
[2023.03.22-08.56.16:580][403]LogWindows: Error: [Callstack] 0x00007ff828c47614 KERNEL32.DLL!UnknownFunction []
[2023.03.22-08.56.16:580][403]LogWindows: Error: [Callstack] 0x00007ff82a6026a1 ntdll.dll!UnknownFunction []
[2023.03.22-08.56.16:580][403]LogWindows: Error: 
[2023.03.22-08.56.16:587][403]LogExit: Executing StaticShutdownAfterError
[2023.03.22-08.56.16:588][403]LogWindows: FPlatformMisc::RequestExit(1)
[2023.03.22-08.56.16:588][403]LogCore: Engine exit requested (reason: Win RequestExit)
[2023.03.22-08.56.17:388][403]Log file closed, 03/22/23 16:56:17
